<?xml version="1.0" encoding="UTF-8"?>
<robot generator="Robot 3.2.2 (Python 3.9.2 on win32)" generated="20210322 21:14:28.508" rpa="false">
<suite id="s1" name="LabbWebTest &amp; VG test">
<suite id="s1-s1" name="LabbWebTest" source="C:\Users\hovde\.jenkins\workspace\Labb_Mattias\Tests\LabbWebTest.robot">
<test id="s1-s1-t1" name="Test That Cancel Button Redirects To The Date Selection Page">
<kw name="Start Test" library="keywords" type="setup">
<kw name="Open Browser" library="SeleniumLibrary">
<doc>Opens a new browser instance to the optional ``url``.</doc>
<arguments>
<arg>about:blank</arg>
<arg>${BROWSER}</arg>
</arguments>
<msg timestamp="20210322 21:14:28.683" level="INFO">Opening browser 'headlesschrome' to base url 'about:blank'.</msg>
<status status="PASS" starttime="20210322 21:14:28.683" endtime="20210322 21:14:29.755"></status>
</kw>
<kw name="Go To" library="SeleniumLibrary">
<doc>Navigates the current browser window to the provided ``url``.</doc>
<arguments>
<arg>${URL}</arg>
</arguments>
<msg timestamp="20210322 21:14:29.756" level="INFO">Opening url 'http://rental21.infotiv.net/webpage/html/gui/index.php'</msg>
<status status="PASS" starttime="20210322 21:14:29.755" endtime="20210322 21:14:31.742"></status>
</kw>
<kw name="Page Should Contain" library="SeleniumLibrary">
<doc>Verifies that current page contains ``text``.</doc>
<arguments>
<arg>Infotiv Car Rental</arg>
</arguments>
<msg timestamp="20210322 21:14:31.755" level="INFO">Current page contains text 'Infotiv Car Rental'.</msg>
<status status="PASS" starttime="20210322 21:14:31.742" endtime="20210322 21:14:31.755"></status>
</kw>
<status status="PASS" starttime="20210322 21:14:28.683" endtime="20210322 21:14:31.755"></status>
</kw>
<kw name="Click on Create User Button" library="keywords">
<kw name="Press Keys" library="SeleniumLibrary">
<doc>Simulates the user pressing key(s) to an element or on the active browser.</doc>
<arguments>
<arg>id=createUser</arg>
<arg>RETURN</arg>
</arguments>
<msg timestamp="20210322 21:14:31.756" level="INFO">Sending key(s) ('RETURN',) to id=createUser element.</msg>
<msg timestamp="20210322 21:14:32.241" level="INFO">Pressing special key RETURN to element.</msg>
<msg timestamp="20210322 21:14:32.242" level="INFO">Releasing special key RETURN.</msg>
<status status="PASS" starttime="20210322 21:14:31.756" endtime="20210322 21:14:32.249"></status>
</kw>
<kw name="Page Should Contain" library="SeleniumLibrary">
<doc>Verifies that current page contains ``text``.</doc>
<arguments>
<arg>Create user</arg>
</arguments>
<msg timestamp="20210322 21:14:32.261" level="INFO">Current page contains text 'Create user'.</msg>
<status status="PASS" starttime="20210322 21:14:32.249" endtime="20210322 21:14:32.262"></status>
</kw>
<status status="PASS" starttime="20210322 21:14:31.755" endtime="20210322 21:14:32.262"></status>
</kw>
<kw name="Click On Cancel Button" library="keywords">
<kw name="Press Keys" library="SeleniumLibrary">
<doc>Simulates the user pressing key(s) to an element or on the active browser.</doc>
<arguments>
<arg>id=cancel</arg>
<arg>RETURN</arg>
</arguments>
<msg timestamp="20210322 21:14:32.262" level="INFO">Sending key(s) ('RETURN',) to id=cancel element.</msg>
<msg timestamp="20210322 21:14:32.734" level="INFO">Pressing special key RETURN to element.</msg>
<msg timestamp="20210322 21:14:32.734" level="INFO">Releasing special key RETURN.</msg>
<status status="PASS" starttime="20210322 21:14:32.262" endtime="20210322 21:14:32.737"></status>
</kw>
<status status="PASS" starttime="20210322 21:14:32.262" endtime="20210322 21:14:32.737"></status>
</kw>
<kw name="Date Selection Page Shows" library="keywords">
<kw name="Page Should Contain" library="SeleniumLibrary">
<doc>Verifies that current page contains ``text``.</doc>
<arguments>
<arg>Infotiv Car Rental</arg>
</arguments>
<msg timestamp="20210322 21:14:32.746" level="INFO">Current page contains text 'Infotiv Car Rental'.</msg>
<status status="PASS" starttime="20210322 21:14:32.738" endtime="20210322 21:14:32.746"></status>
</kw>
<status status="PASS" starttime="20210322 21:14:32.737" endtime="20210322 21:14:32.746"></status>
</kw>
<kw name="End Web Test" library="keywords" type="teardown">
<kw name="Close Browser" library="SeleniumLibrary">
<doc>Closes the current browser.</doc>
<status status="PASS" starttime="20210322 21:14:32.746" endtime="20210322 21:14:34.804"></status>
</kw>
<status status="PASS" starttime="20210322 21:14:32.746" endtime="20210322 21:14:34.804"></status>
</kw>
<doc>Test Cancel Button On Create User Page</doc>
<tags>
<tag>krav-Create User</tag>
</tags>
<status status="PASS" starttime="20210322 21:14:28.682" endtime="20210322 21:14:34.804" critical="yes"></status>
</test>
<test id="s1-s1-t2" name="Test That I Get A Welcomephrase If Successfully Logged In">
<kw name="Start Test" library="keywords" type="setup">
<kw name="Open Browser" library="SeleniumLibrary">
<doc>Opens a new browser instance to the optional ``url``.</doc>
<arguments>
<arg>about:blank</arg>
<arg>${BROWSER}</arg>
</arguments>
<msg timestamp="20210322 21:14:34.805" level="INFO">Opening browser 'headlesschrome' to base url 'about:blank'.</msg>
<status status="PASS" starttime="20210322 21:14:34.805" endtime="20210322 21:14:35.836"></status>
</kw>
<kw name="Go To" library="SeleniumLibrary">
<doc>Navigates the current browser window to the provided ``url``.</doc>
<arguments>
<arg>${URL}</arg>
</arguments>
<msg timestamp="20210322 21:14:35.837" level="INFO">Opening url 'http://rental21.infotiv.net/webpage/html/gui/index.php'</msg>
<status status="PASS" starttime="20210322 21:14:35.836" endtime="20210322 21:14:36.178"></status>
</kw>
<kw name="Page Should Contain" library="SeleniumLibrary">
<doc>Verifies that current page contains ``text``.</doc>
<arguments>
<arg>Infotiv Car Rental</arg>
</arguments>
<msg timestamp="20210322 21:14:36.189" level="INFO">Current page contains text 'Infotiv Car Rental'.</msg>
<status status="PASS" starttime="20210322 21:14:36.178" endtime="20210322 21:14:36.190"></status>
</kw>
<status status="PASS" starttime="20210322 21:14:34.805" endtime="20210322 21:14:36.190"></status>
</kw>
<kw name="Entered My Login Information" library="keywords">
<kw name="Page Should Contain Element" library="SeleniumLibrary">
<doc>Verifies that element ``locator`` is found on the current page.</doc>
<arguments>
<arg>id=userInfoTop</arg>
</arguments>
<msg timestamp="20210322 21:14:36.200" level="INFO">Current page contains element 'id=userInfoTop'.</msg>
<status status="PASS" starttime="20210322 21:14:36.190" endtime="20210322 21:14:36.200"></status>
</kw>
<kw name="Input Text" library="SeleniumLibrary">
<doc>Types the given ``text`` into the text field identified by ``locator``.</doc>
<arguments>
<arg>xpath://*[@id="email"]</arg>
<arg>${EMAIL}</arg>
</arguments>
<msg timestamp="20210322 21:14:36.200" level="INFO">Typing text 'tester01@test.se' into text field 'xpath://*[@id="email"]'.</msg>
<status status="PASS" starttime="20210322 21:14:36.200" endtime="20210322 21:14:36.269"></status>
</kw>
<kw name="Input Password" library="SeleniumLibrary">
<doc>Types the given password into the text field identified by ``locator``.</doc>
<arguments>
<arg>xpath://*[@id="password"]</arg>
<arg>${PASSWORD}</arg>
</arguments>
<msg timestamp="20210322 21:14:36.269" level="INFO">Typing password into text field 'xpath://*[@id="password"]'.</msg>
<msg timestamp="20210322 21:14:36.303" level="INFO">Temporally setting log level to: NONE</msg>
<msg timestamp="20210322 21:14:36.336" level="INFO">Log level changed from NONE to INFO.</msg>
<status status="PASS" starttime="20210322 21:14:36.269" endtime="20210322 21:14:36.336"></status>
</kw>
<status status="PASS" starttime="20210322 21:14:36.190" endtime="20210322 21:14:36.336"></status>
</kw>
<kw name="Login On Website" library="keywords">
<kw name="Click On Login Button" library="keywords">
<kw name="Page Should Contain Button" library="SeleniumLibrary">
<doc>Verifies button ``locator`` is found from current page.</doc>
<arguments>
<arg>id=login</arg>
</arguments>
<msg timestamp="20210322 21:14:36.361" level="INFO">Current page contains button 'id=login'.</msg>
<status status="PASS" starttime="20210322 21:14:36.337" endtime="20210322 21:14:36.361"></status>
</kw>
<kw name="Press Keys" library="SeleniumLibrary">
<doc>Simulates the user pressing key(s) to an element or on the active browser.</doc>
<arguments>
<arg>id=login</arg>
<arg>RETURN</arg>
</arguments>
<msg timestamp="20210322 21:14:36.362" level="INFO">Sending key(s) ('RETURN',) to id=login element.</msg>
<msg timestamp="20210322 21:14:37.137" level="INFO">Pressing special key RETURN to element.</msg>
<msg timestamp="20210322 21:14:37.137" level="INFO">Releasing special key RETURN.</msg>
<status status="PASS" starttime="20210322 21:14:36.361" endtime="20210322 21:14:37.140"></status>
</kw>
<status status="PASS" starttime="20210322 21:14:36.337" endtime="20210322 21:14:37.141"></status>
</kw>
<status status="PASS" starttime="20210322 21:14:36.336" endtime="20210322 21:14:37.141"></status>
</kw>
<kw name="I Get A Welcomephrase" library="keywords">
<kw name="Page Should Contain Element" library="SeleniumLibrary">
<doc>Verifies that element ``locator`` is found on the current page.</doc>
<arguments>
<arg>xpath://*[@id="welcomePhrase"]</arg>
</arguments>
<msg timestamp="20210322 21:14:37.151" level="INFO">Current page contains element 'xpath://*[@id="welcomePhrase"]'.</msg>
<status status="PASS" starttime="20210322 21:14:37.141" endtime="20210322 21:14:37.151"></status>
</kw>
<status status="PASS" starttime="20210322 21:14:37.141" endtime="20210322 21:14:37.151"></status>
</kw>
<kw name="Logout" library="keywords">
<kw name="Page Should Contain Button" library="SeleniumLibrary">
<doc>Verifies button ``locator`` is found from current page.</doc>
<arguments>
<arg>id=logout</arg>
</arguments>
<msg timestamp="20210322 21:14:37.175" level="INFO">Current page contains button 'id=logout'.</msg>
<status status="PASS" starttime="20210322 21:14:37.152" endtime="20210322 21:14:37.175"></status>
</kw>
<kw name="Press Keys" library="SeleniumLibrary">
<doc>Simulates the user pressing key(s) to an element or on the active browser.</doc>
<arguments>
<arg>id=logout</arg>
<arg>RETURN</arg>
</arguments>
<msg timestamp="20210322 21:14:37.175" level="INFO">Sending key(s) ('RETURN',) to id=logout element.</msg>
<msg timestamp="20210322 21:14:37.798" level="INFO">Pressing special key RETURN to element.</msg>
<msg timestamp="20210322 21:14:37.799" level="INFO">Releasing special key RETURN.</msg>
<status status="PASS" starttime="20210322 21:14:37.175" endtime="20210322 21:14:37.805"></status>
</kw>
<status status="PASS" starttime="20210322 21:14:37.151" endtime="20210322 21:14:37.806"></status>
</kw>
<kw name="End Web Test" library="keywords" type="teardown">
<kw name="Close Browser" library="SeleniumLibrary">
<doc>Closes the current browser.</doc>
<status status="PASS" starttime="20210322 21:14:37.806" endtime="20210322 21:14:39.865"></status>
</kw>
<status status="PASS" starttime="20210322 21:14:37.806" endtime="20210322 21:14:39.865"></status>
</kw>
<doc>Test Login And Get A Welcomephrase With Firstname On Header</doc>
<tags>
<tag>krav-Header</tag>
</tags>
<status status="PASS" starttime="20210322 21:14:34.804" endtime="20210322 21:14:39.865" critical="yes"></status>
</test>
<doc>Basic info about test suite</doc>
<status status="PASS" starttime="20210322 21:14:28.529" endtime="20210322 21:14:39.866"></status>
</suite>
<suite id="s1-s2" name="VG test" source="C:\Users\hovde\.jenkins\workspace\Labb_Mattias\Tests\VG_test.robot">
<test id="s1-s2-t1" name="Scenario: Test Of Book A Car">
<kw name="Open Browser And Go To Infotiv" library="vg_keywords" type="setup">
<kw name="I Have Open Chrome" library="vg_keywords">
<kw name="Open Browser" library="SeleniumLibrary">
<doc>Opens a new browser instance to the optional ``url``.</doc>
<arguments>
<arg>about:blank</arg>
<arg>${BROWSER}</arg>
</arguments>
<msg timestamp="20210322 21:14:39.883" level="INFO">Opening browser 'headlesschrome' to base url 'about:blank'.</msg>
<status status="PASS" starttime="20210322 21:14:39.882" endtime="20210322 21:14:40.959"></status>
</kw>
<status status="PASS" starttime="20210322 21:14:39.882" endtime="20210322 21:14:40.959"></status>
</kw>
<kw name="I Have Entered The Webadress" library="vg_keywords">
<kw name="Go To" library="SeleniumLibrary">
<doc>Navigates the current browser window to the provided ``url``.</doc>
<arguments>
<arg>${URL}</arg>
</arguments>
<msg timestamp="20210322 21:14:40.960" level="INFO">Opening url 'http://rental21.infotiv.net'</msg>
<status status="PASS" starttime="20210322 21:14:40.960" endtime="20210322 21:14:41.287"></status>
</kw>
<status status="PASS" starttime="20210322 21:14:40.960" endtime="20210322 21:14:41.287"></status>
</kw>
<kw name="The Website Shows" library="vg_keywords">
<kw name="Page Should Contain" library="SeleniumLibrary">
<doc>Verifies that current page contains ``text``.</doc>
<arguments>
<arg>Infotiv Car Rental</arg>
</arguments>
<msg timestamp="20210322 21:14:41.300" level="INFO">Current page contains text 'Infotiv Car Rental'.</msg>
<status status="PASS" starttime="20210322 21:14:41.288" endtime="20210322 21:14:41.300"></status>
</kw>
<status status="PASS" starttime="20210322 21:14:41.287" endtime="20210322 21:14:41.300"></status>
</kw>
<status status="PASS" starttime="20210322 21:14:39.882" endtime="20210322 21:14:41.300"></status>
</kw>
<kw name="Given I Have Entered My Login Information" library="vg_keywords">
<kw name="Enter Email And Password" library="vg_keywords">
<kw name="Input Text" library="SeleniumLibrary">
<doc>Types the given ``text`` into the text field identified by ``locator``.</doc>
<arguments>
<arg>xpath://*[@id="email"]</arg>
<arg>${EMAIL}</arg>
</arguments>
<msg timestamp="20210322 21:14:41.301" level="INFO">Typing text 'tester01@test.se' into text field 'xpath://*[@id="email"]'.</msg>
<status status="PASS" starttime="20210322 21:14:41.301" endtime="20210322 21:14:41.372"></status>
</kw>
<kw name="Input Password" library="SeleniumLibrary">
<doc>Types the given password into the text field identified by ``locator``.</doc>
<arguments>
<arg>xpath://*[@id="password"]</arg>
<arg>${PASSWORD}</arg>
</arguments>
<msg timestamp="20210322 21:14:41.372" level="INFO">Typing password into text field 'xpath://*[@id="password"]'.</msg>
<msg timestamp="20210322 21:14:41.406" level="INFO">Temporally setting log level to: NONE</msg>
<msg timestamp="20210322 21:14:41.438" level="INFO">Log level changed from NONE to INFO.</msg>
<status status="PASS" starttime="20210322 21:14:41.372" endtime="20210322 21:14:41.438"></status>
</kw>
<status status="PASS" starttime="20210322 21:14:41.300" endtime="20210322 21:14:41.439"></status>
</kw>
<kw name="Click On Login Button" library="vg_keywords">
<kw name="Press Keys" library="SeleniumLibrary">
<doc>Simulates the user pressing key(s) to an element or on the active browser.</doc>
<arguments>
<arg>id=login</arg>
<arg>RETURN</arg>
</arguments>
<msg timestamp="20210322 21:14:41.439" level="INFO">Sending key(s) ('RETURN',) to id=login element.</msg>
<msg timestamp="20210322 21:14:42.250" level="INFO">Pressing special key RETURN to element.</msg>
<msg timestamp="20210322 21:14:42.250" level="INFO">Releasing special key RETURN.</msg>
<status status="PASS" starttime="20210322 21:14:41.439" endtime="20210322 21:14:42.254"></status>
</kw>
<status status="PASS" starttime="20210322 21:14:41.439" endtime="20210322 21:14:42.254"></status>
</kw>
<kw name="Page Should Contain A Welcome Phrase" library="vg_keywords">
<kw name="Page Should Contain Element" library="SeleniumLibrary">
<doc>Verifies that element ``locator`` is found on the current page.</doc>
<arguments>
<arg>id=welcomePhrase</arg>
</arguments>
<msg timestamp="20210322 21:14:42.263" level="INFO">Current page contains element 'id=welcomePhrase'.</msg>
<status status="PASS" starttime="20210322 21:14:42.254" endtime="20210322 21:14:42.263"></status>
</kw>
<status status="PASS" starttime="20210322 21:14:42.254" endtime="20210322 21:14:42.263"></status>
</kw>
<status status="PASS" starttime="20210322 21:14:41.300" endtime="20210322 21:14:42.263"></status>
</kw>
<kw name="When I Have Booked The Audi Q7" library="vg_keywords">
<kw name="I Click Continue" library="vg_keywords">
<kw name="Page Should Contain" library="SeleniumLibrary">
<doc>Verifies that current page contains ``text``.</doc>
<arguments>
<arg>Infotiv Car Rental</arg>
</arguments>
<msg timestamp="20210322 21:14:42.272" level="INFO">Current page contains text 'Infotiv Car Rental'.</msg>
<status status="PASS" starttime="20210322 21:14:42.264" endtime="20210322 21:14:42.272"></status>
</kw>
<kw name="Press Keys" library="SeleniumLibrary">
<doc>Simulates the user pressing key(s) to an element or on the active browser.</doc>
<arguments>
<arg>id=continue</arg>
<arg>RETURN</arg>
</arguments>
<msg timestamp="20210322 21:14:42.273" level="INFO">Sending key(s) ('RETURN',) to id=continue element.</msg>
<msg timestamp="20210322 21:14:43.068" level="INFO">Pressing special key RETURN to element.</msg>
<msg timestamp="20210322 21:14:43.068" level="INFO">Releasing special key RETURN.</msg>
<status status="PASS" starttime="20210322 21:14:42.272" endtime="20210322 21:14:43.073"></status>
</kw>
<status status="PASS" starttime="20210322 21:14:42.264" endtime="20210322 21:14:43.073"></status>
</kw>
<kw name="Page Shows Available Cars" library="vg_keywords">
<kw name="Page Should Contain Element" library="SeleniumLibrary">
<doc>Verifies that element ``locator`` is found on the current page.</doc>
<arguments>
<arg>id=carSelection</arg>
</arguments>
<msg timestamp="20210322 21:14:43.082" level="INFO">Current page contains element 'id=carSelection'.</msg>
<status status="PASS" starttime="20210322 21:14:43.073" endtime="20210322 21:14:43.082"></status>
</kw>
<status status="PASS" starttime="20210322 21:14:43.073" endtime="20210322 21:14:43.082"></status>
</kw>
<kw name="Audi Q7 Is Available" library="vg_keywords">
<kw name="Page Should Contain Element" library="SeleniumLibrary">
<doc>Verifies that element ``locator`` is found on the current page.</doc>
<arguments>
<arg>xpath://*[@id="carTable"]/tbody/tr[1]</arg>
</arguments>
<msg timestamp="20210322 21:14:43.093" level="INFO">Current page contains element 'xpath://*[@id="carTable"]/tbody/tr[1]'.</msg>
<status status="PASS" starttime="20210322 21:14:43.082" endtime="20210322 21:14:43.093"></status>
</kw>
<status status="PASS" starttime="20210322 21:14:43.082" endtime="20210322 21:14:43.093"></status>
</kw>
<kw name="I Click Book" library="vg_keywords">
<kw name="Press Keys" library="SeleniumLibrary">
<doc>Simulates the user pressing key(s) to an element or on the active browser.</doc>
<arguments>
<arg>id=bookQ7pass5</arg>
<arg>RETURN</arg>
</arguments>
<msg timestamp="20210322 21:14:43.094" level="INFO">Sending key(s) ('RETURN',) to id=bookQ7pass5 element.</msg>
<msg timestamp="20210322 21:14:43.751" level="INFO">Pressing special key RETURN to element.</msg>
<msg timestamp="20210322 21:14:43.751" level="INFO">Releasing special key RETURN.</msg>
<status status="PASS" starttime="20210322 21:14:43.093" endtime="20210322 21:14:43.757"></status>
</kw>
<status status="PASS" starttime="20210322 21:14:43.093" endtime="20210322 21:14:43.758"></status>
</kw>
<kw name="Page Shows Confirm Booking Of Audi Q7" library="vg_keywords">
<kw name="Page Should Contain Element" library="SeleniumLibrary">
<doc>Verifies that element ``locator`` is found on the current page.</doc>
<arguments>
<arg>xpath://*[@id="confirmSelection"]/form</arg>
</arguments>
<msg timestamp="20210322 21:14:43.768" level="INFO">Current page contains element 'xpath://*[@id="confirmSelection"]/form'.</msg>
<status status="PASS" starttime="20210322 21:14:43.758" endtime="20210322 21:14:43.768"></status>
</kw>
<status status="PASS" starttime="20210322 21:14:43.758" endtime="20210322 21:14:43.768"></status>
</kw>
<status status="PASS" starttime="20210322 21:14:42.263" endtime="20210322 21:14:43.768"></status>
</kw>
<kw name="And Enter My Credit Card Information" library="vg_keywords">
<kw name="I Enter Card Information" library="vg_keywords">
<kw name="Page Should Contain Element" library="SeleniumLibrary">
<doc>Verifies that element ``locator`` is found on the current page.</doc>
<arguments>
<arg>xpath://*[@id="confirmSelection"]/form</arg>
</arguments>
<msg timestamp="20210322 21:14:43.775" level="INFO">Current page contains element 'xpath://*[@id="confirmSelection"]/form'.</msg>
<status status="PASS" starttime="20210322 21:14:43.768" endtime="20210322 21:14:43.775"></status>
</kw>
<kw name="Input Text" library="SeleniumLibrary">
<doc>Types the given ``text`` into the text field identified by ``locator``.</doc>
<arguments>
<arg>id=cardNum</arg>
<arg>${CARD_NUMBER}</arg>
</arguments>
<msg timestamp="20210322 21:14:43.775" level="INFO">Typing text '1111111111111111' into text field 'id=cardNum'.</msg>
<status status="PASS" starttime="20210322 21:14:43.775" endtime="20210322 21:14:43.842"></status>
</kw>
<kw name="Input Text" library="SeleniumLibrary">
<doc>Types the given ``text`` into the text field identified by ``locator``.</doc>
<arguments>
<arg>id=fullName</arg>
<arg>${CARD_NAME_HOLDER}</arg>
</arguments>
<msg timestamp="20210322 21:14:43.843" level="INFO">Typing text 'Testo' into text field 'id=fullName'.</msg>
<status status="PASS" starttime="20210322 21:14:43.842" endtime="20210322 21:14:43.908"></status>
</kw>
<kw name="Input Text" library="SeleniumLibrary">
<doc>Types the given ``text`` into the text field identified by ``locator``.</doc>
<arguments>
<arg>id=cvc</arg>
<arg>${CARD_CVCID}</arg>
</arguments>
<msg timestamp="20210322 21:14:43.909" level="INFO">Typing text '987' into text field 'id=cvc'.</msg>
<status status="PASS" starttime="20210322 21:14:43.908" endtime="20210322 21:14:43.969"></status>
</kw>
<status status="PASS" starttime="20210322 21:14:43.768" endtime="20210322 21:14:43.969"></status>
</kw>
<kw name="I Click Confirm Booking" library="vg_keywords">
<kw name="Press Keys" library="SeleniumLibrary">
<doc>Simulates the user pressing key(s) to an element or on the active browser.</doc>
<arguments>
<arg>id=confirm</arg>
<arg>RETURN</arg>
</arguments>
<msg timestamp="20210322 21:14:43.970" level="INFO">Sending key(s) ('RETURN',) to id=confirm element.</msg>
<msg timestamp="20210322 21:14:44.458" level="INFO">Pressing special key RETURN to element.</msg>
<msg timestamp="20210322 21:14:44.458" level="INFO">Releasing special key RETURN.</msg>
<status status="PASS" starttime="20210322 21:14:43.970" endtime="20210322 21:14:44.463"></status>
</kw>
<status status="PASS" starttime="20210322 21:14:43.969" endtime="20210322 21:14:44.463"></status>
</kw>
<status status="PASS" starttime="20210322 21:14:43.768" endtime="20210322 21:14:44.463"></status>
</kw>
<kw name="Then Car Is Now Ready To Pickup" library="vg_keywords">
<kw name="Page Should Contain Element" library="SeleniumLibrary">
<doc>Verifies that element ``locator`` is found on the current page.</doc>
<arguments>
<arg>xpath://*[@id="confirmMessage"]/label</arg>
</arguments>
<msg timestamp="20210322 21:14:44.472" level="INFO">Current page contains element 'xpath://*[@id="confirmMessage"]/label'.</msg>
<status status="PASS" starttime="20210322 21:14:44.463" endtime="20210322 21:14:44.472"></status>
</kw>
<status status="PASS" starttime="20210322 21:14:44.463" endtime="20210322 21:14:44.472"></status>
</kw>
<kw name="Clear Booking And Logout And Close Webpage" library="vg_keywords" type="teardown">
<kw name="Go To Mypage" library="vg_keywords">
<kw name="Click Element" library="SeleniumLibrary">
<doc>Click the element identified by ``locator``.</doc>
<arguments>
<arg>id=title</arg>
</arguments>
<msg timestamp="20210322 21:14:44.473" level="INFO">Clicking element 'id=title'.</msg>
<status status="PASS" starttime="20210322 21:14:44.473" endtime="20210322 21:14:44.721"></status>
</kw>
<kw name="Page Should Contain" library="SeleniumLibrary">
<doc>Verifies that current page contains ``text``.</doc>
<arguments>
<arg>Infotiv Car Rental</arg>
</arguments>
<msg timestamp="20210322 21:14:44.728" level="INFO">Current page contains text 'Infotiv Car Rental'.</msg>
<status status="PASS" starttime="20210322 21:14:44.721" endtime="20210322 21:14:44.729"></status>
</kw>
<kw name="Click Element" library="SeleniumLibrary">
<doc>Click the element identified by ``locator``.</doc>
<arguments>
<arg>id=mypage</arg>
</arguments>
<msg timestamp="20210322 21:14:44.729" level="INFO">Clicking element 'id=mypage'.</msg>
<status status="PASS" starttime="20210322 21:14:44.729" endtime="20210322 21:14:44.969"></status>
</kw>
<kw name="Page Should Contain" library="SeleniumLibrary">
<doc>Verifies that current page contains ``text``.</doc>
<arguments>
<arg>Mypage</arg>
</arguments>
<msg timestamp="20210322 21:14:44.980" level="INFO">Current page contains text 'Mypage'.</msg>
<status status="PASS" starttime="20210322 21:14:44.970" endtime="20210322 21:14:44.980"></status>
</kw>
<status status="PASS" starttime="20210322 21:14:44.472" endtime="20210322 21:14:44.980"></status>
</kw>
<kw name="Delete Booked Car" library="vg_keywords">
<kw name="Page Should Contain Element" library="SeleniumLibrary">
<doc>Verifies that element ``locator`` is found on the current page.</doc>
<arguments>
<arg>xpath://*[@id="middlepane"]/table/tbody/tr[2]</arg>
</arguments>
<msg timestamp="20210322 21:14:44.991" level="INFO">Current page contains element 'xpath://*[@id="middlepane"]/table/tbody/tr[2]'.</msg>
<status status="PASS" starttime="20210322 21:14:44.981" endtime="20210322 21:14:44.991"></status>
</kw>
<kw name="Click Element" library="SeleniumLibrary">
<doc>Click the element identified by ``locator``.</doc>
<arguments>
<arg>id=unBook1</arg>
</arguments>
<msg timestamp="20210322 21:14:44.991" level="INFO">Clicking element 'id=unBook1'.</msg>
<status status="PASS" starttime="20210322 21:14:44.991" endtime="20210322 21:14:45.024"></status>
</kw>
<kw name="Handle Alert" library="SeleniumLibrary">
<doc>Handles the current alert and returns its message.</doc>
<arguments>
<arg>action=ACCEPT</arg>
</arguments>
<msg timestamp="20210322 21:14:45.024" level="INFO">HANDLE::&lt;class 'NoneType'&gt;::None</msg>
<status status="PASS" starttime="20210322 21:14:45.024" endtime="20210322 21:14:45.027"></status>
</kw>
<kw name="Click Element" library="SeleniumLibrary">
<doc>Click the element identified by ``locator``.</doc>
<arguments>
<arg>id=logout</arg>
</arguments>
<msg timestamp="20210322 21:14:45.027" level="INFO">Clicking element 'id=logout'.</msg>
<status status="PASS" starttime="20210322 21:14:45.027" endtime="20210322 21:14:45.648"></status>
</kw>
<status status="PASS" starttime="20210322 21:14:44.981" endtime="20210322 21:14:45.649"></status>
</kw>
<kw name="Close Browser" library="SeleniumLibrary">
<doc>Closes the current browser.</doc>
<status status="PASS" starttime="20210322 21:14:45.649" endtime="20210322 21:14:47.700"></status>
</kw>
<status status="PASS" starttime="20210322 21:14:44.472" endtime="20210322 21:14:47.700"></status>
</kw>
<doc>Test The Navigation Flow Of Booking A Car</doc>
<tags>
<tag>krav-Book Car</tag>
</tags>
<status status="PASS" starttime="20210322 21:14:39.881" endtime="20210322 21:14:47.700" critical="yes"></status>
</test>
<status status="PASS" starttime="20210322 21:14:39.869" endtime="20210322 21:14:47.701"></status>
</suite>
<status status="PASS" starttime="20210322 21:14:28.509" endtime="20210322 21:14:47.703"></status>
</suite>
<statistics>
<total>
<stat pass="3" fail="0">Critical Tests</stat>
<stat pass="3" fail="0">All Tests</stat>
</total>
<tag>
<stat pass="1" fail="0">krav-Book Car</stat>
<stat pass="1" fail="0">krav-Create User</stat>
<stat pass="1" fail="0">krav-Header</stat>
</tag>
<suite>
<stat pass="3" fail="0" id="s1" name="LabbWebTest &amp; VG test">LabbWebTest &amp; VG test</stat>
<stat pass="2" fail="0" id="s1-s1" name="LabbWebTest">LabbWebTest &amp; VG test.LabbWebTest</stat>
<stat pass="1" fail="0" id="s1-s2" name="VG test">LabbWebTest &amp; VG test.VG test</stat>
</suite>
</statistics>
<errors>
</errors>
</robot>
