<?xml version="1.0" encoding="UTF-8"?>
<robot generator="Robot 3.2.2 (Python 3.9.1 on win32)" generated="20210301 11:06:48.698" rpa="false">
<suite id="s1" name="Tests" source="C:\Users\hovde\PycharmProjects\LabbAuto\Tests">
<suite id="s1-s1" name="LabbWebTest" source="C:\Users\hovde\PycharmProjects\LabbAuto\Tests\LabbWebTest.robot">
<test id="s1-s1-t1" name="Test That Cancel Button Redirects To The Date Selection Page">
<kw name="Start Test" library="keywords" type="setup">
<kw name="Open Browser" library="SeleniumLibrary">
<doc>Opens a new browser instance to the optional ``url``.</doc>
<arguments>
<arg>about:blank</arg>
<arg>${BROWSER}</arg>
</arguments>
<msg timestamp="20210301 11:06:48.879" level="INFO">Opening browser 'chrome' to base url 'about:blank'.</msg>
<status status="PASS" starttime="20210301 11:06:48.878" endtime="20210301 11:06:50.038"></status>
</kw>
<kw name="Go To" library="SeleniumLibrary">
<doc>Navigates the current browser window to the provided ``url``.</doc>
<arguments>
<arg>${URL}</arg>
</arguments>
<msg timestamp="20210301 11:06:50.038" level="INFO">Opening url 'http://rental21.infotiv.net/webpage/html/gui/index.php'</msg>
<status status="PASS" starttime="20210301 11:06:50.038" endtime="20210301 11:06:51.002"></status>
</kw>
<kw name="Page Should Contain" library="SeleniumLibrary">
<doc>Verifies that current page contains ``text``.</doc>
<arguments>
<arg>Infotiv Car Rental</arg>
</arguments>
<msg timestamp="20210301 11:06:51.016" level="INFO">Current page contains text 'Infotiv Car Rental'.</msg>
<status status="PASS" starttime="20210301 11:06:51.003" endtime="20210301 11:06:51.016"></status>
</kw>
<status status="PASS" starttime="20210301 11:06:48.878" endtime="20210301 11:06:51.017"></status>
</kw>
<kw name="Click on Create User Button" library="keywords">
<kw name="Press Keys" library="SeleniumLibrary">
<doc>Simulates the user pressing key(s) to an element or on the active browser.</doc>
<arguments>
<arg>id=createUser</arg>
<arg>RETURN</arg>
</arguments>
<msg timestamp="20210301 11:06:51.017" level="INFO">Sending key(s) ('RETURN',) to id=createUser element.</msg>
<msg timestamp="20210301 11:06:51.559" level="INFO">Pressing special key RETURN to element.</msg>
<msg timestamp="20210301 11:06:51.559" level="INFO">Releasing special key RETURN.</msg>
<status status="PASS" starttime="20210301 11:06:51.017" endtime="20210301 11:06:51.564"></status>
</kw>
<kw name="Page Should Contain" library="SeleniumLibrary">
<doc>Verifies that current page contains ``text``.</doc>
<arguments>
<arg>Create user</arg>
</arguments>
<msg timestamp="20210301 11:06:51.574" level="INFO">Current page contains text 'Create user'.</msg>
<status status="PASS" starttime="20210301 11:06:51.565" endtime="20210301 11:06:51.574"></status>
</kw>
<status status="PASS" starttime="20210301 11:06:51.017" endtime="20210301 11:06:51.574"></status>
</kw>
<kw name="Click On Cancel Button" library="keywords">
<kw name="Press Keys" library="SeleniumLibrary">
<doc>Simulates the user pressing key(s) to an element or on the active browser.</doc>
<arguments>
<arg>id=cancel</arg>
<arg>RETURN</arg>
</arguments>
<msg timestamp="20210301 11:06:51.575" level="INFO">Sending key(s) ('RETURN',) to id=cancel element.</msg>
<msg timestamp="20210301 11:06:52.076" level="INFO">Pressing special key RETURN to element.</msg>
<msg timestamp="20210301 11:06:52.076" level="INFO">Releasing special key RETURN.</msg>
<status status="PASS" starttime="20210301 11:06:51.575" endtime="20210301 11:06:52.081"></status>
</kw>
<status status="PASS" starttime="20210301 11:06:51.575" endtime="20210301 11:06:52.081"></status>
</kw>
<kw name="Date Selection Page Shows" library="keywords">
<kw name="Page Should Contain" library="SeleniumLibrary">
<doc>Verifies that current page contains ``text``.</doc>
<arguments>
<arg>Infotiv Car Rental</arg>
</arguments>
<msg timestamp="20210301 11:06:52.088" level="INFO">Current page contains text 'Infotiv Car Rental'.</msg>
<status status="PASS" starttime="20210301 11:06:52.081" endtime="20210301 11:06:52.088"></status>
</kw>
<status status="PASS" starttime="20210301 11:06:52.081" endtime="20210301 11:06:52.088"></status>
</kw>
<kw name="End Web Test" library="keywords" type="teardown">
<kw name="Close Browser" library="SeleniumLibrary">
<doc>Closes the current browser.</doc>
<status status="PASS" starttime="20210301 11:06:52.088" endtime="20210301 11:06:54.186"></status>
</kw>
<status status="PASS" starttime="20210301 11:06:52.088" endtime="20210301 11:06:54.186"></status>
</kw>
<doc>Test Cancel Button On Create User Page</doc>
<tags>
<tag>krav-Create User</tag>
</tags>
<status status="PASS" starttime="20210301 11:06:48.877" endtime="20210301 11:06:54.187" critical="yes"></status>
</test>
<test id="s1-s1-t2" name="Test That I Get A Welcomephrase If Successfully Logged In">
<kw name="Start Test" library="keywords" type="setup">
<kw name="Open Browser" library="SeleniumLibrary">
<doc>Opens a new browser instance to the optional ``url``.</doc>
<arguments>
<arg>about:blank</arg>
<arg>${BROWSER}</arg>
</arguments>
<msg timestamp="20210301 11:06:54.189" level="INFO">Opening browser 'chrome' to base url 'about:blank'.</msg>
<status status="PASS" starttime="20210301 11:06:54.189" endtime="20210301 11:06:55.309"></status>
</kw>
<kw name="Go To" library="SeleniumLibrary">
<doc>Navigates the current browser window to the provided ``url``.</doc>
<arguments>
<arg>${URL}</arg>
</arguments>
<msg timestamp="20210301 11:06:55.310" level="INFO">Opening url 'http://rental21.infotiv.net/webpage/html/gui/index.php'</msg>
<status status="PASS" starttime="20210301 11:06:55.309" endtime="20210301 11:06:56.271"></status>
</kw>
<kw name="Page Should Contain" library="SeleniumLibrary">
<doc>Verifies that current page contains ``text``.</doc>
<arguments>
<arg>Infotiv Car Rental</arg>
</arguments>
<msg timestamp="20210301 11:06:56.283" level="INFO">Current page contains text 'Infotiv Car Rental'.</msg>
<status status="PASS" starttime="20210301 11:06:56.271" endtime="20210301 11:06:56.283"></status>
</kw>
<status status="PASS" starttime="20210301 11:06:54.189" endtime="20210301 11:06:56.283"></status>
</kw>
<kw name="Entered My Login Information" library="keywords">
<kw name="Page Should Contain Element" library="SeleniumLibrary">
<doc>Verifies that element ``locator`` is found on the current page.</doc>
<arguments>
<arg>id=userInfoTop</arg>
</arguments>
<msg timestamp="20210301 11:06:56.294" level="INFO">Current page contains element 'id=userInfoTop'.</msg>
<status status="PASS" starttime="20210301 11:06:56.284" endtime="20210301 11:06:56.294"></status>
</kw>
<kw name="Input Text" library="SeleniumLibrary">
<doc>Types the given ``text`` into the text field identified by ``locator``.</doc>
<arguments>
<arg>xpath://*[@id="email"]</arg>
<arg>${EMAIL}</arg>
</arguments>
<msg timestamp="20210301 11:06:56.294" level="INFO">Typing text 'tester01@test.se' into text field 'xpath://*[@id="email"]'.</msg>
<status status="PASS" starttime="20210301 11:06:56.294" endtime="20210301 11:06:56.368"></status>
</kw>
<kw name="Input Password" library="SeleniumLibrary">
<doc>Types the given password into the text field identified by ``locator``.</doc>
<arguments>
<arg>xpath://*[@id="password"]</arg>
<arg>${PASSWORD}</arg>
</arguments>
<msg timestamp="20210301 11:06:56.368" level="INFO">Typing password into text field 'xpath://*[@id="password"]'.</msg>
<msg timestamp="20210301 11:06:56.399" level="INFO">Temporally setting log level to: NONE</msg>
<msg timestamp="20210301 11:06:56.432" level="INFO">Log level changed from NONE to INFO.</msg>
<status status="PASS" starttime="20210301 11:06:56.368" endtime="20210301 11:06:56.432"></status>
</kw>
<status status="PASS" starttime="20210301 11:06:56.284" endtime="20210301 11:06:56.432"></status>
</kw>
<kw name="Login On Website" library="keywords">
<kw name="Click On Login Button" library="keywords">
<kw name="Page Should Contain Button" library="SeleniumLibrary">
<doc>Verifies button ``locator`` is found from current page.</doc>
<arguments>
<arg>id=login</arg>
</arguments>
<msg timestamp="20210301 11:06:56.454" level="INFO">Current page contains button 'id=login'.</msg>
<status status="PASS" starttime="20210301 11:06:56.433" endtime="20210301 11:06:56.454"></status>
</kw>
<kw name="Press Keys" library="SeleniumLibrary">
<doc>Simulates the user pressing key(s) to an element or on the active browser.</doc>
<arguments>
<arg>id=login</arg>
<arg>RETURN</arg>
</arguments>
<msg timestamp="20210301 11:06:56.455" level="INFO">Sending key(s) ('RETURN',) to id=login element.</msg>
<msg timestamp="20210301 11:06:57.200" level="INFO">Pressing special key RETURN to element.</msg>
<msg timestamp="20210301 11:06:57.200" level="INFO">Releasing special key RETURN.</msg>
<status status="PASS" starttime="20210301 11:06:56.454" endtime="20210301 11:06:57.203"></status>
</kw>
<status status="PASS" starttime="20210301 11:06:56.433" endtime="20210301 11:06:57.204"></status>
</kw>
<status status="PASS" starttime="20210301 11:06:56.433" endtime="20210301 11:06:57.204"></status>
</kw>
<kw name="I Get A Welcomephrase" library="keywords">
<kw name="Page Should Contain Element" library="SeleniumLibrary">
<doc>Verifies that element ``locator`` is found on the current page.</doc>
<arguments>
<arg>xpath://*[@id="welcomePhrase"]</arg>
</arguments>
<msg timestamp="20210301 11:06:57.212" level="INFO">Current page contains element 'xpath://*[@id="welcomePhrase"]'.</msg>
<status status="PASS" starttime="20210301 11:06:57.204" endtime="20210301 11:06:57.212"></status>
</kw>
<status status="PASS" starttime="20210301 11:06:57.204" endtime="20210301 11:06:57.213"></status>
</kw>
<kw name="Logout" library="keywords">
<kw name="Page Should Contain Button" library="SeleniumLibrary">
<doc>Verifies button ``locator`` is found from current page.</doc>
<arguments>
<arg>id=logout</arg>
</arguments>
<msg timestamp="20210301 11:06:57.235" level="INFO">Current page contains button 'id=logout'.</msg>
<status status="PASS" starttime="20210301 11:06:57.213" endtime="20210301 11:06:57.235"></status>
</kw>
<kw name="Press Keys" library="SeleniumLibrary">
<doc>Simulates the user pressing key(s) to an element or on the active browser.</doc>
<arguments>
<arg>id=logout</arg>
<arg>RETURN</arg>
</arguments>
<msg timestamp="20210301 11:06:57.235" level="INFO">Sending key(s) ('RETURN',) to id=logout element.</msg>
<msg timestamp="20210301 11:06:57.946" level="INFO">Pressing special key RETURN to element.</msg>
<msg timestamp="20210301 11:06:57.946" level="INFO">Releasing special key RETURN.</msg>
<status status="PASS" starttime="20210301 11:06:57.235" endtime="20210301 11:06:57.950"></status>
</kw>
<status status="PASS" starttime="20210301 11:06:57.213" endtime="20210301 11:06:57.950"></status>
</kw>
<kw name="End Web Test" library="keywords" type="teardown">
<kw name="Close Browser" library="SeleniumLibrary">
<doc>Closes the current browser.</doc>
<status status="PASS" starttime="20210301 11:06:57.951" endtime="20210301 11:07:00.037"></status>
</kw>
<status status="PASS" starttime="20210301 11:06:57.951" endtime="20210301 11:07:00.037"></status>
</kw>
<doc>Test Login And Get A Welcomephrase With Firstname On Header</doc>
<tags>
<tag>krav-Header</tag>
</tags>
<status status="PASS" starttime="20210301 11:06:54.188" endtime="20210301 11:07:00.037" critical="yes"></status>
</test>
<doc>Basic info about test suite</doc>
<status status="PASS" starttime="20210301 11:06:48.719" endtime="20210301 11:07:00.038"></status>
</suite>
<suite id="s1-s2" name="VG test" source="C:\Users\hovde\PycharmProjects\LabbAuto\Tests\VG_test.robot">
<test id="s1-s2-t1" name="Scenario: Test Of Book A Car">
<kw name="Open Browser And Go To Infotiv" library="vg_keywords" type="setup">
<kw name="I Have Open Chrome" library="vg_keywords">
<kw name="Open Browser" library="SeleniumLibrary">
<doc>Opens a new browser instance to the optional ``url``.</doc>
<arguments>
<arg>about:blank</arg>
<arg>${BROWSER}</arg>
</arguments>
<msg timestamp="20210301 11:07:00.047" level="INFO">Opening browser 'chrome' to base url 'about:blank'.</msg>
<status status="PASS" starttime="20210301 11:07:00.047" endtime="20210301 11:07:01.173"></status>
</kw>
<status status="PASS" starttime="20210301 11:07:00.047" endtime="20210301 11:07:01.173"></status>
</kw>
<kw name="I Have Entered The Webadress" library="vg_keywords">
<kw name="Go To" library="SeleniumLibrary">
<doc>Navigates the current browser window to the provided ``url``.</doc>
<arguments>
<arg>${URL}</arg>
</arguments>
<msg timestamp="20210301 11:07:01.174" level="INFO">Opening url 'http://rental21.infotiv.net'</msg>
<status status="PASS" starttime="20210301 11:07:01.173" endtime="20210301 11:07:02.156"></status>
</kw>
<status status="PASS" starttime="20210301 11:07:01.173" endtime="20210301 11:07:02.157"></status>
</kw>
<kw name="The Website Shows" library="vg_keywords">
<kw name="Page Should Contain" library="SeleniumLibrary">
<doc>Verifies that current page contains ``text``.</doc>
<arguments>
<arg>Infotiv Car Rental</arg>
</arguments>
<msg timestamp="20210301 11:07:02.169" level="INFO">Current page contains text 'Infotiv Car Rental'.</msg>
<status status="PASS" starttime="20210301 11:07:02.157" endtime="20210301 11:07:02.169"></status>
</kw>
<status status="PASS" starttime="20210301 11:07:02.157" endtime="20210301 11:07:02.169"></status>
</kw>
<status status="PASS" starttime="20210301 11:07:00.047" endtime="20210301 11:07:02.169"></status>
</kw>
<kw name="Given I Have Entered My Login Information" library="vg_keywords">
<kw name="Enter Email And Password" library="vg_keywords">
<kw name="Input Text" library="SeleniumLibrary">
<doc>Types the given ``text`` into the text field identified by ``locator``.</doc>
<arguments>
<arg>xpath://*[@id="email"]</arg>
<arg>${EMAIL}</arg>
</arguments>
<msg timestamp="20210301 11:07:02.171" level="INFO">Typing text 'tester01@test.se' into text field 'xpath://*[@id="email"]'.</msg>
<status status="PASS" starttime="20210301 11:07:02.170" endtime="20210301 11:07:02.239"></status>
</kw>
<kw name="Input Password" library="SeleniumLibrary">
<doc>Types the given password into the text field identified by ``locator``.</doc>
<arguments>
<arg>xpath://*[@id="password"]</arg>
<arg>${PASSWORD}</arg>
</arguments>
<msg timestamp="20210301 11:07:02.239" level="INFO">Typing password into text field 'xpath://*[@id="password"]'.</msg>
<msg timestamp="20210301 11:07:02.272" level="INFO">Temporally setting log level to: NONE</msg>
<msg timestamp="20210301 11:07:02.304" level="INFO">Log level changed from NONE to INFO.</msg>
<status status="PASS" starttime="20210301 11:07:02.239" endtime="20210301 11:07:02.304"></status>
</kw>
<status status="PASS" starttime="20210301 11:07:02.170" endtime="20210301 11:07:02.304"></status>
</kw>
<kw name="Click On Login Button" library="vg_keywords">
<kw name="Press Keys" library="SeleniumLibrary">
<doc>Simulates the user pressing key(s) to an element or on the active browser.</doc>
<arguments>
<arg>id=login</arg>
<arg>RETURN</arg>
</arguments>
<msg timestamp="20210301 11:07:02.305" level="INFO">Sending key(s) ('RETURN',) to id=login element.</msg>
<msg timestamp="20210301 11:07:03.040" level="INFO">Pressing special key RETURN to element.</msg>
<msg timestamp="20210301 11:07:03.040" level="INFO">Releasing special key RETURN.</msg>
<status status="PASS" starttime="20210301 11:07:02.304" endtime="20210301 11:07:03.043"></status>
</kw>
<status status="PASS" starttime="20210301 11:07:02.304" endtime="20210301 11:07:03.043"></status>
</kw>
<kw name="Page Should Contain A Welcome Phrase" library="vg_keywords">
<kw name="Page Should Contain Element" library="SeleniumLibrary">
<doc>Verifies that element ``locator`` is found on the current page.</doc>
<arguments>
<arg>id=welcomePhrase</arg>
</arguments>
<msg timestamp="20210301 11:07:03.052" level="INFO">Current page contains element 'id=welcomePhrase'.</msg>
<status status="PASS" starttime="20210301 11:07:03.043" endtime="20210301 11:07:03.053"></status>
</kw>
<status status="PASS" starttime="20210301 11:07:03.043" endtime="20210301 11:07:03.053"></status>
</kw>
<status status="PASS" starttime="20210301 11:07:02.170" endtime="20210301 11:07:03.053"></status>
</kw>
<kw name="When I Have Booked The Audi Q7" library="vg_keywords">
<kw name="I Click Continue" library="vg_keywords">
<kw name="Page Should Contain" library="SeleniumLibrary">
<doc>Verifies that current page contains ``text``.</doc>
<arguments>
<arg>Infotiv Car Rental</arg>
</arguments>
<msg timestamp="20210301 11:07:03.060" level="INFO">Current page contains text 'Infotiv Car Rental'.</msg>
<status status="PASS" starttime="20210301 11:07:03.054" endtime="20210301 11:07:03.060"></status>
</kw>
<kw name="Press Keys" library="SeleniumLibrary">
<doc>Simulates the user pressing key(s) to an element or on the active browser.</doc>
<arguments>
<arg>id=continue</arg>
<arg>RETURN</arg>
</arguments>
<msg timestamp="20210301 11:07:03.061" level="INFO">Sending key(s) ('RETURN',) to id=continue element.</msg>
<msg timestamp="20210301 11:07:03.663" level="INFO">Pressing special key RETURN to element.</msg>
<msg timestamp="20210301 11:07:03.663" level="INFO">Releasing special key RETURN.</msg>
<status status="PASS" starttime="20210301 11:07:03.061" endtime="20210301 11:07:03.675"></status>
</kw>
<status status="PASS" starttime="20210301 11:07:03.054" endtime="20210301 11:07:03.676"></status>
</kw>
<kw name="Page Shows Available Cars" library="vg_keywords">
<kw name="Page Should Contain Element" library="SeleniumLibrary">
<doc>Verifies that element ``locator`` is found on the current page.</doc>
<arguments>
<arg>id=carSelection</arg>
</arguments>
<msg timestamp="20210301 11:07:03.687" level="INFO">Current page contains element 'id=carSelection'.</msg>
<status status="PASS" starttime="20210301 11:07:03.676" endtime="20210301 11:07:03.687"></status>
</kw>
<status status="PASS" starttime="20210301 11:07:03.676" endtime="20210301 11:07:03.688"></status>
</kw>
<kw name="Audi Q7 Is Available" library="vg_keywords">
<kw name="Page Should Contain Element" library="SeleniumLibrary">
<doc>Verifies that element ``locator`` is found on the current page.</doc>
<arguments>
<arg>xpath://*[@id="carTable"]/tbody/tr[1]</arg>
</arguments>
<msg timestamp="20210301 11:07:03.704" level="INFO">Current page contains element 'xpath://*[@id="carTable"]/tbody/tr[1]'.</msg>
<status status="PASS" starttime="20210301 11:07:03.688" endtime="20210301 11:07:03.704"></status>
</kw>
<status status="PASS" starttime="20210301 11:07:03.688" endtime="20210301 11:07:03.704"></status>
</kw>
<kw name="I Click Book" library="vg_keywords">
<kw name="Press Keys" library="SeleniumLibrary">
<doc>Simulates the user pressing key(s) to an element or on the active browser.</doc>
<arguments>
<arg>id=bookQ7pass5</arg>
<arg>RETURN</arg>
</arguments>
<msg timestamp="20210301 11:07:03.705" level="INFO">Sending key(s) ('RETURN',) to id=bookQ7pass5 element.</msg>
<msg timestamp="20210301 11:07:04.431" level="INFO">Pressing special key RETURN to element.</msg>
<msg timestamp="20210301 11:07:04.432" level="INFO">Releasing special key RETURN.</msg>
<status status="PASS" starttime="20210301 11:07:03.705" endtime="20210301 11:07:04.438"></status>
</kw>
<status status="PASS" starttime="20210301 11:07:03.704" endtime="20210301 11:07:04.439"></status>
</kw>
<kw name="Page Shows Confirm Booking Of Audi Q7" library="vg_keywords">
<kw name="Page Should Contain Element" library="SeleniumLibrary">
<doc>Verifies that element ``locator`` is found on the current page.</doc>
<arguments>
<arg>xpath://*[@id="confirmSelection"]/form</arg>
</arguments>
<msg timestamp="20210301 11:07:04.448" level="INFO">Current page contains element 'xpath://*[@id="confirmSelection"]/form'.</msg>
<status status="PASS" starttime="20210301 11:07:04.439" endtime="20210301 11:07:04.448"></status>
</kw>
<status status="PASS" starttime="20210301 11:07:04.439" endtime="20210301 11:07:04.448"></status>
</kw>
<status status="PASS" starttime="20210301 11:07:03.053" endtime="20210301 11:07:04.449"></status>
</kw>
<kw name="And Enter My Credit Card Information" library="vg_keywords">
<kw name="I Enter Card Information" library="vg_keywords">
<kw name="Page Should Contain Element" library="SeleniumLibrary">
<doc>Verifies that element ``locator`` is found on the current page.</doc>
<arguments>
<arg>xpath://*[@id="confirmSelection"]/form</arg>
</arguments>
<msg timestamp="20210301 11:07:04.455" level="INFO">Current page contains element 'xpath://*[@id="confirmSelection"]/form'.</msg>
<status status="PASS" starttime="20210301 11:07:04.450" endtime="20210301 11:07:04.455"></status>
</kw>
<kw name="Input Text" library="SeleniumLibrary">
<doc>Types the given ``text`` into the text field identified by ``locator``.</doc>
<arguments>
<arg>id=cardNum</arg>
<arg>${CARD_NUMBER}</arg>
</arguments>
<msg timestamp="20210301 11:07:04.455" level="INFO">Typing text '1111111111111111' into text field 'id=cardNum'.</msg>
<status status="PASS" starttime="20210301 11:07:04.455" endtime="20210301 11:07:04.522"></status>
</kw>
<kw name="Input Text" library="SeleniumLibrary">
<doc>Types the given ``text`` into the text field identified by ``locator``.</doc>
<arguments>
<arg>id=fullName</arg>
<arg>${CARD_NAME_HOLDER}</arg>
</arguments>
<msg timestamp="20210301 11:07:04.523" level="INFO">Typing text 'Testo' into text field 'id=fullName'.</msg>
<status status="PASS" starttime="20210301 11:07:04.522" endtime="20210301 11:07:04.580"></status>
</kw>
<kw name="Input Text" library="SeleniumLibrary">
<doc>Types the given ``text`` into the text field identified by ``locator``.</doc>
<arguments>
<arg>id=cvc</arg>
<arg>${CARD_CVCID}</arg>
</arguments>
<msg timestamp="20210301 11:07:04.580" level="INFO">Typing text '987' into text field 'id=cvc'.</msg>
<status status="PASS" starttime="20210301 11:07:04.580" endtime="20210301 11:07:04.636"></status>
</kw>
<status status="PASS" starttime="20210301 11:07:04.449" endtime="20210301 11:07:04.636"></status>
</kw>
<kw name="I Click Confirm Booking" library="vg_keywords">
<kw name="Press Keys" library="SeleniumLibrary">
<doc>Simulates the user pressing key(s) to an element or on the active browser.</doc>
<arguments>
<arg>id=confirm</arg>
<arg>RETURN</arg>
</arguments>
<msg timestamp="20210301 11:07:04.637" level="INFO">Sending key(s) ('RETURN',) to id=confirm element.</msg>
<msg timestamp="20210301 11:07:05.125" level="INFO">Pressing special key RETURN to element.</msg>
<msg timestamp="20210301 11:07:05.125" level="INFO">Releasing special key RETURN.</msg>
<status status="PASS" starttime="20210301 11:07:04.636" endtime="20210301 11:07:05.130"></status>
</kw>
<status status="PASS" starttime="20210301 11:07:04.636" endtime="20210301 11:07:05.130"></status>
</kw>
<status status="PASS" starttime="20210301 11:07:04.449" endtime="20210301 11:07:05.130"></status>
</kw>
<kw name="Then Car Is Now Ready To Pickup" library="vg_keywords">
<kw name="Page Should Contain Element" library="SeleniumLibrary">
<doc>Verifies that element ``locator`` is found on the current page.</doc>
<arguments>
<arg>xpath://*[@id="confirmMessage"]/label</arg>
</arguments>
<msg timestamp="20210301 11:07:05.140" level="INFO">Current page contains element 'xpath://*[@id="confirmMessage"]/label'.</msg>
<status status="PASS" starttime="20210301 11:07:05.131" endtime="20210301 11:07:05.140"></status>
</kw>
<status status="PASS" starttime="20210301 11:07:05.131" endtime="20210301 11:07:05.140"></status>
</kw>
<kw name="Clear Booking And Logout And Close Webpage" library="vg_keywords" type="teardown">
<kw name="Go To Mypage" library="vg_keywords">
<kw name="Click Element" library="SeleniumLibrary">
<doc>Click the element identified by ``locator``.</doc>
<arguments>
<arg>id=title</arg>
</arguments>
<msg timestamp="20210301 11:07:05.141" level="INFO">Clicking element 'id=title'.</msg>
<status status="PASS" starttime="20210301 11:07:05.141" endtime="20210301 11:07:05.320"></status>
</kw>
<kw name="Page Should Contain" library="SeleniumLibrary">
<doc>Verifies that current page contains ``text``.</doc>
<arguments>
<arg>Infotiv Car Rental</arg>
</arguments>
<msg timestamp="20210301 11:07:05.327" level="INFO">Current page contains text 'Infotiv Car Rental'.</msg>
<status status="PASS" starttime="20210301 11:07:05.320" endtime="20210301 11:07:05.327"></status>
</kw>
<kw name="Click Element" library="SeleniumLibrary">
<doc>Click the element identified by ``locator``.</doc>
<arguments>
<arg>id=mypage</arg>
</arguments>
<msg timestamp="20210301 11:07:05.327" level="INFO">Clicking element 'id=mypage'.</msg>
<status status="PASS" starttime="20210301 11:07:05.327" endtime="20210301 11:07:05.552"></status>
</kw>
<kw name="Page Should Contain" library="SeleniumLibrary">
<doc>Verifies that current page contains ``text``.</doc>
<arguments>
<arg>Mypage</arg>
</arguments>
<msg timestamp="20210301 11:07:05.563" level="INFO">Current page contains text 'Mypage'.</msg>
<status status="PASS" starttime="20210301 11:07:05.552" endtime="20210301 11:07:05.563"></status>
</kw>
<status status="PASS" starttime="20210301 11:07:05.141" endtime="20210301 11:07:05.563"></status>
</kw>
<kw name="Delete Booked Car" library="vg_keywords">
<kw name="Page Should Contain Element" library="SeleniumLibrary">
<doc>Verifies that element ``locator`` is found on the current page.</doc>
<arguments>
<arg>xpath://*[@id="middlepane"]/table/tbody/tr[2]</arg>
</arguments>
<msg timestamp="20210301 11:07:05.572" level="INFO">Current page contains element 'xpath://*[@id="middlepane"]/table/tbody/tr[2]'.</msg>
<status status="PASS" starttime="20210301 11:07:05.563" endtime="20210301 11:07:05.572"></status>
</kw>
<kw name="Click Element" library="SeleniumLibrary">
<doc>Click the element identified by ``locator``.</doc>
<arguments>
<arg>id=unBook1</arg>
</arguments>
<msg timestamp="20210301 11:07:05.573" level="INFO">Clicking element 'id=unBook1'.</msg>
<status status="PASS" starttime="20210301 11:07:05.572" endtime="20210301 11:07:05.606"></status>
</kw>
<kw name="Handle Alert" library="SeleniumLibrary">
<doc>Handles the current alert and returns its message.</doc>
<arguments>
<arg>action=ACCEPT</arg>
</arguments>
<msg timestamp="20210301 11:07:05.606" level="INFO">HANDLE::&lt;class 'NoneType'&gt;::None</msg>
<status status="PASS" starttime="20210301 11:07:05.606" endtime="20210301 11:07:05.609"></status>
</kw>
<kw name="Click Element" library="SeleniumLibrary">
<doc>Click the element identified by ``locator``.</doc>
<arguments>
<arg>id=logout</arg>
</arguments>
<msg timestamp="20210301 11:07:05.610" level="INFO">Clicking element 'id=logout'.</msg>
<status status="PASS" starttime="20210301 11:07:05.610" endtime="20210301 11:07:06.243"></status>
</kw>
<status status="PASS" starttime="20210301 11:07:05.563" endtime="20210301 11:07:06.243"></status>
</kw>
<kw name="Close Browser" library="SeleniumLibrary">
<doc>Closes the current browser.</doc>
<status status="PASS" starttime="20210301 11:07:06.243" endtime="20210301 11:07:08.347"></status>
</kw>
<status status="PASS" starttime="20210301 11:07:05.140" endtime="20210301 11:07:08.347"></status>
</kw>
<doc>Test The Navigation Flow Of Booking A Car</doc>
<tags>
<tag>krav-Book Car</tag>
</tags>
<status status="PASS" starttime="20210301 11:07:00.046" endtime="20210301 11:07:08.348" critical="yes"></status>
</test>
<status status="PASS" starttime="20210301 11:07:00.040" endtime="20210301 11:07:08.349"></status>
</suite>
<status status="PASS" starttime="20210301 11:06:48.700" endtime="20210301 11:07:08.351"></status>
</suite>
<statistics>
<total>
<stat pass="3" fail="0">Critical Tests</stat>
<stat pass="3" fail="0">All Tests</stat>
</total>
<tag>
<stat pass="1" fail="0">krav-Book Car</stat>
<stat pass="1" fail="0">krav-Create User</stat>
<stat pass="1" fail="0">krav-Header</stat>
</tag>
<suite>
<stat pass="3" fail="0" id="s1" name="Tests">Tests</stat>
<stat pass="2" fail="0" id="s1-s1" name="LabbWebTest">Tests.LabbWebTest</stat>
<stat pass="1" fail="0" id="s1-s2" name="VG test">Tests.VG test</stat>
</suite>
</statistics>
<errors>
</errors>
</robot>
